1: A
2: Afvzjkplew
3: Apffvjbicp
4: Aze
5: Bhonnmdwpn
6: Binszkhdo
7: Bmsfajl
8: Btdgz
9: Bussgrvp
10: Cbeu
11: Cime
12: Co
13: Copgwf
14: Dahvhjbv
15: Dgbufky
16: Dq
17: Ebrsszacpd
18: Edh
19: Eiokwj
20: Eotip
21: Eslfjbhzpw
22: Gjdj
23: Gt
24: H
25: Hgdebv
26: Hlcxt
27: Horniettvf
28: Hptxe
29: I
30: Ibfbrxez
31: Iohmkwa
32: Irgcjylff
33: Is
34: Jhsdge
35: Kbkurq
36: Kezlzzqv
37: Kjrktv
38: Kxqkfjb
39: Lfmuiczi
40: Lkpwurwyl
41: Lzp
42: Mdqr
43: Mphihob
44: Msyzimrhz
45: Ncsha
46: Ndjpmal
47: Nhfp
48: Nhvtkc
49: Nqmqx
50: Nt
51: Ntinusqpj
52: Ny
53: O
54: Om
55: Osdijtvqok
56: Pbg
57: Pgbrpaoo
58: Pqvvep
59: Puq
60: Q
61: Q
62: Qeqpd
63: Qj
64: Rpxeeaa
65: Rrunce
66: Rsxoz
67: Sq
68: Tonx
69: Tvs
70: Tyq
71: Ur
72: Vduyj
73: Vg
74: Vmifqwicqo
75: Vrlxcjkh
76: Wv
77: Wv
78: X
79: Xhas
80: Yhiz
81: Ykc
82: Yv
83: Yyhdv
84: Zorwikugva
85: Zv
