1 12
2 93
3 100
4 49
5 74
6 5
7 82
8 7
9 14
10 63
11 85
12 88
13 99
14 29
15 83
16 72
17 40
18 26
19 82
20 70
21 63
22 42
23 4
24 62
25 80
26 97
27 24
28 59
29 68
30 58
31 87
32 35
33 25
34 97
35 44
36 99
37 24
38 92
39 70
40 97
41 56
42 76
43 11
44 17
45 62
46 98
47 91
48 97
49 46
50 82
51 9
52 91
53 92
54 70
55 50
56 85
57 60
58 90
59 25
60 94
61 94
62 46
63 20
64 61
65 21
66 19
67 100
68 20
69 32
70 20
71 96
72 50
73 18
74 26
75 51
76 75
77 68
78 0
79 44
80 91
81 35
82 39
83 43
84 24
85 88
86 67
87 2
88 43
89 85
90 88
91 52
92 51
93 54
94 37
95 2
96 6
97 54
98 6
99 28
100 51
101 42
102 4
103 17
104 73
105 96
106 22
107 13
108 4
109 88
110 72
111 18
112 45
113 61
114 64
115 68
116 9
117 71
118 65
119 98
120 76
121 79
122 80
123 92
124 75
125 31
126 78
127 9
128 99
129 72
130 77
131 69
132 100
133 55
134 13
135 73
136 24
137 52
138 25
139 86
140 28
141 11
142 59
143 79
144 44
145 23
146 33
147 68
148 31
149 82
150 37
151 86
152 74
153 3
154 79
155 91
156 80
157 27
158 100
159 58
160 98
161 14
162 23
163 18
164 91
165 71
166 29
167 54
168 48
169 96
170 87
171 23
172 65
173 85
174 59
175 42
176 68
177 66
178 80
179 53
180 34
181 12
182 76
183 38
184 13
185 11
186 29
187 98
188 80
189 22
190 75
191 30
192 17
193 40
194 36
195 38
196 55
197 1
198 42
199 84
200 14
201 54
202 69
203 4
204 6
205 91
206 43
207 94
208 82
209 9
210 21
211 36
212 19
213 10
214 49
215 20
216 18
217 55
218 73
219 0
220 59
221 6
222 0
223 27
224 76
225 25
226 99
227 41
228 77
229 73
230 55
231 12
232 21
233 93
234 24
235 17
236 58
237 54
238 66
239 61
240 16
241 100
242 72
243 76
244 54
245 53
246 36
247 77
248 46
249 58
250 42
251 91
252 84
253 39
254 87
255 46
256 8
257 23
258 99
259 13
260 51
261 35
262 77
263 15
264 88
265 82
266 12
267 91
268 67
269 65
270 25
271 89
272 82
273 13
274 26
275 91
276 92
277 43
278 16
279 61
280 84
281 77
282 62
283 32
284 55
285 19
286 100
287 89
288 58
289 54
290 38
291 21
292 50
293 6
294 84
295 59
296 33
297 46
298 90
299 6
300 94
301 90
302 91
303 12
304 31
305 77
306 38
307 9
308 62
309 48
310 38
311 100
312 94
313 7
314 35
315 100
316 19
317 10
318 40
319 42
320 48
321 8
322 85
323 5
324 68
325 33
326 97
327 72
328 67
329 7
330 51
331 31
332 61
333 58
334 49
335 73
336 78
337 90
338 62
339 87
340 17
341 45
342 42
343 27
344 64
345 20
346 26
347 85
348 24
349 37
350 86
351 73
352 69
353 60
354 70
355 24
356 51
357 65
358 73
359 73
360 13
361 52
362 3
363 4
364 69
365 66
366 8
367 11
368 98
369 78
370 2
371 74
372 95
373 20
374 80
375 30
376 77
377 30
378 1
379 30
380 81
381 53
382 43
383 87
384 71
385 73
386 64
387 87
388 67
389 77
390 95
391 91
392 43
393 29
394 72
395 97
396 6
397 96
398 40
399 17
400 34
401 49
402 21
403 43
404 96
405 89
406 73
407 88
408 76
409 31
410 54
411 41
412 75
413 18
414 76
415 33
416 0
417 27
418 88
419 24
420 23
421 73
422 52
423 19
424 21
425 32
426 14
427 83
428 31
429 42
430 66
431 40
432 72
433 73
434 44
435 15
436 41
437 90
438 100
439 93
440 49
441 80
442 40
443 60
444 59
445 41
446 51
447 17
448 83
449 62
450 52
451 9
452 19
453 66
454 80
455 11
456 88
457 0
458 1
459 75
460 15
461 11
462 71
463 51
464 41
465 33
466 12
467 46
468 10
469 32
470 3
471 97
472 61
473 95
474 5
475 79
476 52
477 16
478 87
479 52
480 39
481 43
482 57
483 94
484 13
485 74
486 16
487 98
488 36
489 34
490 84
491 76
492 45
493 58
494 54
495 80
496 51
497 79
498 16
499 51
500 30
501 79
502 49
503 75
504 0
505 22
506 85
507 1
508 32
509 66
510 5
511 58
512 6
513 51
514 99
515 55
516 12
517 93
518 56
519 0
520 38
521 58
522 37
523 17
524 3
525 52
526 6
527 31
528 77
529 94
530 26
531 90
532 79
533 28
534 13
535 56
536 23
537 1
538 25
539 50
540 44
541 61
542 77
543 86
544 20
545 30
546 75
547 63
548 24
549 88
550 86
551 14
552 46
553 15
554 98
555 45
556 67
557 91
558 1
559 83
560 43
561 28
562 15
563 7
564 30
565 97
566 100
567 52
568 78
569 11
570 30
571 12
572 96
573 62
574 52
575 67
576 9
577 68
578 98
579 89
580 33
581 85
582 98
583 33
584 67
585 85
586 76
587 95
588 9
589 95
590 49
591 69
592 18
593 73
594 6
595 10
596 78
597 83
598 87
599 41
600 29
601 33
602 14
603 50
604 97
605 89
606 50
607 52
608 86
609 60
610 57
611 1
612 76
613 37
614 86
615 38
616 47
617 4
618 67
619 6
620 59
621 98
622 71
623 99
624 14
625 63
626 29
627 13
628 52
629 28
630 41
631 50
632 5
633 62
634 88
635 19
636 85
637 29
638 26
639 25
640 54
641 41
642 98
643 80
644 59
645 33
646 36
647 22
648 48
649 39
650 46
651 37
652 41
653 54
654 31
655 94
656 60
657 36
658 23
659 81
660 90
661 54
662 18
663 65
664 40
665 89
666 67
667 51
668 63
669 44
670 20
671 12
672 26
673 49
674 98
675 63
676 48
677 3
678 67
679 66
680 83
681 28
682 90
683 61
684 82
685 74
686 96
687 57
688 99
689 34
690 65
691 46
692 18
693 56
694 15
695 92
696 81
697 83
698 41
699 53
700 7
701 13
702 68
703 27
704 6
705 82
706 44
707 5
708 81
709 3
710 63
711 24
712 26
713 64
714 4
715 69
716 38
717 24
718 53
719 38
720 55
721 43
722 65
723 81
724 37
725 25
726 81
727 30
728 88
729 48
730 24
731 51
732 83
733 59
734 66
735 78
736 40
737 66
738 19
739 93
740 98
741 27
742 34
743 4
744 86
745 22
746 86
747 21
748 38
749 27
750 11
751 99
752 2
753 77
754 77
755 71
756 29
757 25
758 28
759 48
760 95
761 60
762 5
763 2
764 80
765 80
766 99
767 16
768 12
769 71
770 11
771 36
772 3
773 43
774 38
775 57
776 9
777 68
778 94
779 30
780 84
781 73
782 90
783 76
784 83
785 35
786 76
787 32
788 27
789 73
790 11
791 3
792 21
793 4
794 68
795 7
796 51
797 74
798 36
799 88
800 49
801 40
802 71
803 6
804 24
805 50
806 11
807 32
808 94
809 18
810 95
811 88
812 32
813 17
814 43
815 46
816 25
817 5
818 37
819 59
820 48
821 46
822 23
823 43
824 97
825 93
826 13
827 8
828 44
829 49
830 40
831 21
832 66
833 88
834 37
835 100
836 31
